20241018 16:16:36 INFO  [main] utility.FirebaseListenerUtility FirebaseListenerUtility.java21 - FirebaseLoginTeststarted.........
20241018 16:16:36 INFO  [main] base.BaseFirebase BaseFirebase.java24 - **********setUpBeforeMethod**********
20241018 16:16:39 INFO  [main] base.BaseTest BaseTest.java60 - https://login.salesforce.com/is entered
20241018 16:16:39 INFO  [main] utility.FirebaseListenerUtility FirebaseListenerUtility.java33 - Check_RememberMestarted...........
20241018 16:16:39 INFO  [main] base.BaseTest BaseTest.java77 - data is entered in the username
20241018 16:16:39 INFO  [main] base.BaseTest BaseTest.java77 - data is entered in the password
20241018 16:16:39 INFO  [main] base.BaseTest BaseTest.java99 - rememberme checkboxbutton is clicked
20241018 16:16:42 INFO  [main] base.BaseTest BaseTest.java99 - login buttonbutton is clicked
20241018 16:16:47 INFO  [main] utility.FirebaseListenerUtility FirebaseListenerUtility.java39 - Check_RememberMeended with success.........
20241018 16:16:50 INFO  [main] utility.FirebaseListenerUtility FirebaseListenerUtility.java33 - SalesForce_loginstarted...........
20241018 16:16:50 WARN  [main] utility.FirebaseListenerUtility FirebaseListenerUtility.java55 - SalesForce_loginskipped.........
20241018 16:16:50 INFO  [main] utility.FirebaseListenerUtility FirebaseListenerUtility.java33 - SalesForce_loginErrorMessagestarted...........
20241018 16:16:50 WARN  [main] utility.FirebaseListenerUtility FirebaseListenerUtility.java55 - SalesForce_loginErrorMessageskipped.........
20241018 16:16:50 INFO  [main] utility.FirebaseListenerUtility FirebaseListenerUtility.java27 - FirebaseLoginTestended.........
20241018 16:41:05 ERROR [main] examples.LogTests LogTests.java27 - test completed with failure
20241018 16:45:13 ERROR [main] examples.LogTests LogTests.java27 - test completed with failure
20241018 16:54:17 INFO  [main] base.BaseTest BaseTest.java60 - https://login.salesforce.com/is entered
20241018 16:54:17 INFO  [main] base.BaseTest BaseTest.java77 - data is entered in the username
20241018 16:54:18 INFO  [main] base.BaseTest BaseTest.java99 - login buttonbutton is clicked
20241018 16:54:24 INFO  [main] base.BaseTest BaseTest.java60 - https://login.salesforce.com/is entered
20241018 16:54:24 INFO  [main] base.BaseTest BaseTest.java77 - data is entered in the username
20241018 16:54:24 INFO  [main] base.BaseTest BaseTest.java77 - data is entered in the password
20241018 16:54:25 INFO  [main] base.BaseTest BaseTest.java99 - login buttonbutton is clicked
20241018 16:54:35 INFO  [main] base.BaseTest BaseTest.java60 - https://login.salesforce.com/is entered
20241018 16:54:35 INFO  [main] base.BaseTest BaseTest.java77 - data is entered in the username
20241018 16:54:35 INFO  [main] base.BaseTest BaseTest.java77 - data is entered in the password
20241018 16:54:36 INFO  [main] base.BaseTest BaseTest.java99 - rememberme checkboxbutton is clicked
20241018 16:54:41 INFO  [main] base.BaseTest BaseTest.java99 - login buttonbutton is clicked
20241018 16:54:46 INFO  [main] base.BaseTest BaseTest.java99 - usermenu dropdownbutton is clicked
20241018 16:54:47 INFO  [main] base.BaseTest BaseTest.java99 - logout buttonbutton is clicked
20241018 17:03:38 INFO  [main] utility.FirebaseListenerUtility FirebaseListenerUtility.java21 - FirebaseLoginTeststarted.........
20241018 17:03:38 INFO  [main] utility.FirebaseListenerUtility FirebaseListenerUtility.java33 - Check_RememberMestarted...........
20241018 17:03:38 WARN  [main] utility.FirebaseListenerUtility FirebaseListenerUtility.java55 - Check_RememberMeskipped.........
20241018 17:03:38 INFO  [main] utility.FirebaseListenerUtility FirebaseListenerUtility.java33 - SalesForce_loginstarted...........
20241018 17:03:38 WARN  [main] utility.FirebaseListenerUtility FirebaseListenerUtility.java55 - SalesForce_loginskipped.........
20241018 17:03:38 INFO  [main] utility.FirebaseListenerUtility FirebaseListenerUtility.java33 - SalesForce_loginErrorMessagestarted...........
20241018 17:03:38 WARN  [main] utility.FirebaseListenerUtility FirebaseListenerUtility.java55 - SalesForce_loginErrorMessageskipped.........
20241018 17:03:38 INFO  [main] utility.FirebaseListenerUtility FirebaseListenerUtility.java27 - FirebaseLoginTestended.........
20241018 17:12:03 ERROR [main] examples.LogTests LogTests.java30 - test completed with failure
20241018 17:12:03 DEBUG [main] examples.LogTests LogTests.java38 - test started
20241018 17:12:03 DEBUG [main] examples.LogTests LogTests.java45 - driver started
20241018 17:20:52 ERROR [main] examples.LogTests LogTests.java40 - test completed with failure
20241018 17:20:52 DEBUG [main] examples.LogTests LogTests.java49 - test started
20241018 17:20:52 DEBUG [main] examples.LogTests LogTests.java57 - driver started
20241018 17:21:13 ERROR [main] examples.LogTests LogTests.java40 - test completed with failure
20241018 17:23:52 ERROR [main] examples.LogTests LogTests.java41 - test completed with failure
20241018 17:23:52 DEBUG [main] examples.LogTests LogTests.java50 - test started
20241018 17:23:52 DEBUG [main] examples.LogTests LogTests.java58 - driver started
20241018 17:30:04 ERROR [main] examples.LogTests LogTests.java43 - test completed with failure
20241018 17:30:04 DEBUG [main] examples.LogTests LogTests.java54 - test started
20241018 17:30:04 DEBUG [main] examples.LogTests LogTests.java63 - driver started
20241019 15:15:17 ERROR [main] examples.LogTests LogTests.java43 - test completed with failure
20241019 15:15:17 DEBUG [main] examples.LogTests LogTests.java54 - test started
20241019 15:15:17 DEBUG [main] examples.LogTests LogTests.java63 - driver started
20241019 15:22:18 ERROR [main] examples.LogTests LogTests.java50 - test completed with failure
20241019 15:22:18 DEBUG [main] examples.LogTests LogTests.java61 - test started
20241019 15:22:18 DEBUG [main] examples.LogTests LogTests.java70 - driver started
20241019 16:12:07 INFO  [main] base.BaseTest BaseTest.java60 - https://login.salesforce.com/is entered
20241019 16:12:08 INFO  [main] base.BaseTest BaseTest.java77 - data is entered in the username
20241019 16:12:08 INFO  [main] base.BaseTest BaseTest.java99 - login buttonbutton is clicked
20241019 16:12:14 INFO  [main] base.BaseTest BaseTest.java60 - https://login.salesforce.com/is entered
20241019 16:12:15 INFO  [main] base.BaseTest BaseTest.java77 - data is entered in the username
20241019 16:12:15 INFO  [main] base.BaseTest BaseTest.java77 - data is entered in the password
20241019 16:12:16 INFO  [main] base.BaseTest BaseTest.java99 - login buttonbutton is clicked
20241019 16:12:26 INFO  [main] base.BaseTest BaseTest.java60 - https://login.salesforce.com/is entered
20241019 16:12:26 INFO  [main] base.BaseTest BaseTest.java77 - data is entered in the username
20241019 16:12:27 INFO  [main] base.BaseTest BaseTest.java77 - data is entered in the password
20241019 16:12:27 INFO  [main] base.BaseTest BaseTest.java99 - rememberme checkboxbutton is clicked
20241019 16:12:32 INFO  [main] base.BaseTest BaseTest.java99 - login buttonbutton is clicked
20241019 16:16:15 INFO  [main] base.BaseTest BaseTest.java60 - https://login.salesforce.com/is entered
20241019 16:16:15 INFO  [main] base.BaseTest BaseTest.java77 - data is entered in the username
20241019 16:16:16 INFO  [main] base.BaseTest BaseTest.java99 - login buttonbutton is clicked
20241019 16:16:22 INFO  [main] base.BaseTest BaseTest.java60 - https://login.salesforce.com/is entered
20241019 16:16:22 INFO  [main] base.BaseTest BaseTest.java77 - data is entered in the username
20241019 16:16:23 INFO  [main] base.BaseTest BaseTest.java77 - data is entered in the password
20241019 16:16:23 INFO  [main] base.BaseTest BaseTest.java99 - login buttonbutton is clicked
20241019 16:16:34 INFO  [main] base.BaseTest BaseTest.java60 - https://login.salesforce.com/is entered
20241019 16:16:34 INFO  [main] base.BaseTest BaseTest.java77 - data is entered in the username
20241019 16:16:34 INFO  [main] base.BaseTest BaseTest.java77 - data is entered in the password
20241019 16:16:34 INFO  [main] base.BaseTest BaseTest.java99 - rememberme checkboxbutton is clicked
20241019 16:16:40 INFO  [main] base.BaseTest BaseTest.java99 - login buttonbutton is clicked
20241019 16:50:41 INFO  [main] base.BaseTest BaseTest.java60 - https://login.salesforce.com/is entered
20241019 16:50:42 INFO  [main] base.BaseTest BaseTest.java77 - data is entered in the username
20241019 16:50:43 INFO  [main] base.BaseTest BaseTest.java99 - login buttonbutton is clicked
20241019 16:50:49 INFO  [main] base.BaseTest BaseTest.java60 - https://login.salesforce.com/is entered
20241019 16:50:49 INFO  [main] base.BaseTest BaseTest.java77 - data is entered in the username
20241019 16:50:50 INFO  [main] base.BaseTest BaseTest.java77 - data is entered in the password
20241019 16:50:51 INFO  [main] base.BaseTest BaseTest.java99 - login buttonbutton is clicked
20241019 16:51:00 INFO  [main] base.BaseTest BaseTest.java60 - https://login.salesforce.com/is entered
20241019 16:51:00 INFO  [main] base.BaseTest BaseTest.java77 - data is entered in the username
20241019 16:51:01 INFO  [main] base.BaseTest BaseTest.java77 - data is entered in the password
20241019 16:51:01 INFO  [main] base.BaseTest BaseTest.java99 - rememberme checkboxbutton is clicked
20241019 16:51:07 INFO  [main] base.BaseTest BaseTest.java99 - login buttonbutton is clicked
20241019 16:51:44 INFO  [main] base.BaseTest BaseTest.java60 - https://login.salesforce.com/is entered
20241019 16:51:44 INFO  [main] base.BaseTest BaseTest.java77 - data is entered in the username
20241019 16:51:45 INFO  [main] base.BaseTest BaseTest.java99 - login buttonbutton is clicked
20241019 16:51:51 INFO  [main] base.BaseTest BaseTest.java60 - https://login.salesforce.com/is entered
20241019 16:51:52 INFO  [main] base.BaseTest BaseTest.java77 - data is entered in the username
20241019 16:51:52 INFO  [main] base.BaseTest BaseTest.java77 - data is entered in the password
20241019 16:51:53 INFO  [main] base.BaseTest BaseTest.java99 - login buttonbutton is clicked
20241019 17:10:49 INFO  [main] base.BaseTest BaseTest.java61 - https://login.salesforce.com/is entered
20241019 17:10:49 INFO  [main] base.BaseTest BaseTest.java78 - data is entered in the username
20241019 17:10:50 INFO  [main] base.BaseTest BaseTest.java100 - login buttonbutton is clicked
20241019 17:10:56 INFO  [main] base.BaseTest BaseTest.java61 - https://login.salesforce.com/is entered
20241019 17:10:57 INFO  [main] base.BaseTest BaseTest.java78 - data is entered in the username
20241019 17:10:57 INFO  [main] base.BaseTest BaseTest.java78 - data is entered in the password
20241019 17:10:58 INFO  [main] base.BaseTest BaseTest.java100 - login buttonbutton is clicked
20241019 17:12:07 INFO  [main] utility.FirebaseListenerUtility FirebaseListenerUtility.java18 - FirebaseLoginTeststarted.........
20241019 17:12:07 INFO  [main] base.BaseFirebase BaseFirebase.java25 - **********setUpBeforeMethod**********
20241019 17:12:09 INFO  [main] base.BaseTest BaseTest.java61 - https://login.salesforce.com/is entered
20241019 17:12:09 INFO  [main] utility.FirebaseListenerUtility FirebaseListenerUtility.java31 - SalesForce_loginstarted...........
20241019 17:12:10 INFO  [main] base.BaseTest BaseTest.java78 - data is entered in the username
20241019 17:12:10 INFO  [main] base.BaseTest BaseTest.java78 - data is entered in the password
20241019 17:12:11 INFO  [main] base.BaseTest BaseTest.java100 - login buttonbutton is clicked
20241019 17:12:14 INFO  [main] base.BaseTest BaseTest.java100 -  buttonbutton is clicked
20241019 17:12:20 INFO  [main] utility.FirebaseListenerUtility FirebaseListenerUtility.java37 - SalesForce_loginended with success.........
20241019 17:12:23 INFO  [main] utility.FirebaseListenerUtility FirebaseListenerUtility.java31 - SalesForce_loginErrorMessagestarted...........
20241019 17:12:23 WARN  [main] utility.FirebaseListenerUtility FirebaseListenerUtility.java50 - SalesForce_loginErrorMessageskipped.........
20241019 17:12:23 INFO  [main] utility.FirebaseListenerUtility FirebaseListenerUtility.java25 - FirebaseLoginTestended.........
20241019 17:18:25 INFO  [main] base.BaseTest BaseTest.java61 - https://login.salesforce.com/is entered
20241019 17:18:25 INFO  [main] base.BaseTest BaseTest.java78 - data is entered in the username
20241019 17:19:10 INFO  [main] base.BaseFirebase BaseFirebase.java25 - **********setUpBeforeMethod**********
20241019 17:19:12 INFO  [main] base.BaseTest BaseTest.java61 - https://login.salesforce.com/is entered
20241019 17:19:12 INFO  [main] base.BaseTest BaseTest.java78 - data is entered in the username
20241019 17:19:16 INFO  [main] base.BaseFirebase BaseFirebase.java35 - **********tearDownAfterTestMethod**********
20241019 17:19:16 INFO  [main] base.BaseFirebase BaseFirebase.java25 - **********setUpBeforeMethod**********
20241019 17:19:17 INFO  [main] base.BaseTest BaseTest.java61 - https://login.salesforce.com/is entered
20241019 17:19:17 INFO  [main] base.BaseTest BaseTest.java168 - usernamewaiting for visibility for maximum of 30sec
20241019 17:19:17 INFO  [main] base.BaseTest BaseTest.java78 - data is entered in the username
20241019 17:19:20 INFO  [main] base.BaseFirebase BaseFirebase.java35 - **********tearDownAfterTestMethod**********
20241019 17:20:52 INFO  [main] utility.FirebaseListenerUtility FirebaseListenerUtility.java18 - FirebaseLoginTeststarted.........
20241019 17:20:52 INFO  [main] base.BaseFirebase BaseFirebase.java25 - **********setUpBeforeMethod**********
20241019 17:20:54 INFO  [main] base.BaseTest BaseTest.java61 - https://login.salesforce.com/is entered
20241019 17:20:54 INFO  [main] utility.FirebaseListenerUtility FirebaseListenerUtility.java31 - SalesForce_loginstarted...........
20241019 17:20:54 INFO  [main] base.BaseTest BaseTest.java78 - data is entered in the username
20241019 17:20:55 INFO  [main] base.BaseTest BaseTest.java78 - data is entered in the password
20241019 17:20:56 INFO  [main] base.BaseTest BaseTest.java102 - login buttonbutton is clicked
20241019 17:21:00 INFO  [main] base.BaseTest BaseTest.java102 -  buttonbutton is clicked
20241019 17:21:05 INFO  [main] utility.FirebaseListenerUtility FirebaseListenerUtility.java37 - SalesForce_loginended with success.........
20241019 17:21:08 INFO  [main] utility.FirebaseListenerUtility FirebaseListenerUtility.java31 - SalesForce_loginErrorMessagestarted...........
20241019 17:21:08 WARN  [main] utility.FirebaseListenerUtility FirebaseListenerUtility.java50 - SalesForce_loginErrorMessageskipped.........
20241019 17:21:08 INFO  [main] utility.FirebaseListenerUtility FirebaseListenerUtility.java25 - FirebaseLoginTestended.........
20241019 17:21:33 INFO  [main] base.BaseTest BaseTest.java61 - https://login.salesforce.com/is entered
20241019 17:21:33 INFO  [main] base.BaseTest BaseTest.java78 - data is entered in the username
20241019 17:24:52 INFO  [main] base.BaseTest BaseTest.java61 - https://login.salesforce.com/is entered
20241019 17:24:52 INFO  [main] base.BaseTest BaseTest.java78 - data is entered in the username
20241019 17:25:05 INFO  [main] utility.FirebaseListenerUtility FirebaseListenerUtility.java18 - FirebaseLoginTeststarted.........
20241019 17:25:05 INFO  [main] base.BaseFirebase BaseFirebase.java25 - **********setUpBeforeMethod**********
20241019 17:25:07 INFO  [main] base.BaseTest BaseTest.java61 - https://login.salesforce.com/is entered
20241019 17:25:07 INFO  [main] utility.FirebaseListenerUtility FirebaseListenerUtility.java31 - SalesForce_loginstarted...........
20241019 17:25:07 INFO  [main] base.BaseTest BaseTest.java78 - data is entered in the username
20241019 17:25:08 INFO  [main] base.BaseTest BaseTest.java78 - data is entered in the password
20241019 17:25:09 INFO  [main] base.BaseTest BaseTest.java102 - login buttonbutton is clicked
20241019 17:25:11 ERROR [main] utility.FirebaseListenerUtility FirebaseListenerUtility.java43 - SalesForce_loginended with failure.........
20241019 17:25:14 INFO  [main] base.BaseFirebase BaseFirebase.java35 - **********tearDownAfterTestMethod**********
20241019 17:25:14 INFO  [main] base.BaseFirebase BaseFirebase.java25 - **********setUpBeforeMethod**********
20241019 17:25:16 INFO  [main] base.BaseTest BaseTest.java61 - https://login.salesforce.com/is entered
20241019 17:25:16 INFO  [main] utility.FirebaseListenerUtility FirebaseListenerUtility.java31 - SalesForce_loginErrorMessagestarted...........
20241019 17:25:16 INFO  [main] base.BaseTest BaseTest.java168 - usernamewaiting for visibility for maximum of 30sec
20241019 17:25:16 INFO  [main] base.BaseTest BaseTest.java78 - data is entered in the username
20241019 17:25:16 INFO  [main] tests.LoginSalesForceTests LoginSalesForceTests.java33 - Please enter your password
20241019 17:25:16 INFO  [main] base.BaseTest BaseTest.java102 - login buttonbutton is clicked
20241019 17:25:18 INFO  [main] utility.FirebaseListenerUtility FirebaseListenerUtility.java37 - SalesForce_loginErrorMessageended with success.........
20241019 17:25:22 INFO  [main] base.BaseFirebase BaseFirebase.java35 - **********tearDownAfterTestMethod**********
20241019 17:25:22 INFO  [main] utility.FirebaseListenerUtility FirebaseListenerUtility.java25 - FirebaseLoginTestended.........
20241019 17:26:35 INFO  [main] base.BaseTest BaseTest.java61 - https://login.salesforce.com/is entered
20241019 17:26:35 INFO  [main] base.BaseTest BaseTest.java78 - data is entered in the username
20241019 17:26:54 INFO  [main] utility.FirebaseListenerUtility FirebaseListenerUtility.java18 - FirebaseLoginTeststarted.........
20241019 17:26:54 INFO  [main] base.BaseFirebase BaseFirebase.java25 - **********setUpBeforeMethod**********
20241019 17:26:56 INFO  [main] base.BaseTest BaseTest.java61 - https://login.salesforce.com/is entered
20241019 17:26:56 INFO  [main] utility.FirebaseListenerUtility FirebaseListenerUtility.java31 - SalesForce_loginstarted...........
20241019 17:26:56 INFO  [main] base.BaseTest BaseTest.java78 - data is entered in the username
20241019 17:26:56 INFO  [main] base.BaseTest BaseTest.java78 - data is entered in the password
20241019 17:26:57 INFO  [main] base.BaseTest BaseTest.java102 - login buttonbutton is clicked
20241019 17:27:00 ERROR [main] utility.FirebaseListenerUtility FirebaseListenerUtility.java43 - SalesForce_loginended with failure.........
20241019 17:27:03 INFO  [main] base.BaseFirebase BaseFirebase.java35 - **********tearDownAfterTestMethod**********
20241019 17:27:03 INFO  [main] base.BaseFirebase BaseFirebase.java25 - **********setUpBeforeMethod**********
20241019 17:27:04 INFO  [main] base.BaseTest BaseTest.java61 - https://login.salesforce.com/is entered
20241019 17:27:04 INFO  [main] utility.FirebaseListenerUtility FirebaseListenerUtility.java31 - SalesForce_loginErrorMessagestarted...........
20241019 17:27:04 INFO  [main] base.BaseTest BaseTest.java168 - usernamewaiting for visibility for maximum of 30sec
20241019 17:27:04 INFO  [main] base.BaseTest BaseTest.java78 - data is entered in the username
20241019 17:27:05 INFO  [main] tests.LoginSalesForceTests LoginSalesForceTests.java33 - Please enter your password
20241019 17:27:05 INFO  [main] base.BaseTest BaseTest.java102 - login buttonbutton is clicked
20241019 17:27:07 INFO  [main] utility.FirebaseListenerUtility FirebaseListenerUtility.java37 - SalesForce_loginErrorMessageended with success.........
20241019 17:27:10 INFO  [main] base.BaseFirebase BaseFirebase.java35 - **********tearDownAfterTestMethod**********
20241019 17:27:10 INFO  [main] utility.FirebaseListenerUtility FirebaseListenerUtility.java25 - FirebaseLoginTestended.........
20241021 10:47:42 INFO  [main] utility.FirebaseListenerUtility FirebaseListenerUtility.java18 - Default teststarted.........
20241021 10:47:42 INFO  [main] base.BaseFirebase BaseFirebase.java25 - **********setUpBeforeMethod**********
20241021 10:47:46 INFO  [main] base.BaseTest BaseTest.java61 - https://login.salesforce.com/is entered
20241021 10:47:46 INFO  [main] utility.FirebaseListenerUtility FirebaseListenerUtility.java31 - SalesForce_loginErrorMessagestarted...........
20241021 10:47:46 INFO  [main] base.BaseTest BaseTest.java168 - usernamewaiting for visibility for maximum of 30sec
20241021 10:47:47 INFO  [main] base.BaseTest BaseTest.java78 - data is entered in the username
20241021 10:47:47 INFO  [main] tests.LoginSalesForceTests LoginSalesForceTests.java35 - Please enter your password
20241021 10:47:48 INFO  [main] base.BaseTest BaseTest.java102 - login buttonbutton is clicked
20241021 10:47:50 INFO  [main] utility.FirebaseListenerUtility FirebaseListenerUtility.java37 - SalesForce_loginErrorMessageended with success.........
20241021 10:47:53 INFO  [main] base.BaseFirebase BaseFirebase.java35 - **********tearDownAfterTestMethod**********
20241021 10:47:53 INFO  [main] utility.FirebaseListenerUtility FirebaseListenerUtility.java25 - Default testended.........
20241021 10:48:10 INFO  [main] utility.FirebaseListenerUtility FirebaseListenerUtility.java18 - Default teststarted.........
20241021 10:48:11 INFO  [main] base.BaseFirebase BaseFirebase.java25 - **********setUpBeforeMethod**********
20241021 10:48:13 INFO  [main] base.BaseTest BaseTest.java61 - https://login.salesforce.com/is entered
20241021 10:48:13 INFO  [main] utility.FirebaseListenerUtility FirebaseListenerUtility.java31 - SalesForce_loginstarted...........
20241021 10:48:13 INFO  [main] base.BaseTest BaseTest.java78 - data is entered in the username
20241021 10:48:14 INFO  [main] base.BaseTest BaseTest.java78 - data is entered in the password
20241021 10:48:15 INFO  [main] base.BaseTest BaseTest.java102 - login buttonbutton is clicked
20241021 10:48:18 INFO  [main] base.BaseTest BaseTest.java102 -  buttonbutton is clicked
20241021 10:48:24 INFO  [main] utility.FirebaseListenerUtility FirebaseListenerUtility.java37 - SalesForce_loginended with success.........
20241021 10:48:27 INFO  [main] utility.FirebaseListenerUtility FirebaseListenerUtility.java31 - SalesForce_loginErrorMessagestarted...........
20241021 10:48:27 WARN  [main] utility.FirebaseListenerUtility FirebaseListenerUtility.java50 - SalesForce_loginErrorMessageskipped.........
20241021 10:48:27 INFO  [main] utility.FirebaseListenerUtility FirebaseListenerUtility.java25 - Default testended.........
20241021 10:49:00 INFO  [main] utility.FirebaseListenerUtility FirebaseListenerUtility.java18 - Default teststarted.........
20241021 10:49:00 INFO  [main] base.BaseFirebase BaseFirebase.java25 - **********setUpBeforeMethod**********
20241021 10:49:02 INFO  [main] base.BaseTest BaseTest.java61 - https://login.salesforce.com/is entered
20241021 10:49:02 INFO  [main] utility.FirebaseListenerUtility FirebaseListenerUtility.java31 - SalesForce_loginstarted...........
20241021 10:49:02 INFO  [main] base.BaseTest BaseTest.java78 - data is entered in the username
20241021 10:49:03 INFO  [main] base.BaseTest BaseTest.java78 - data is entered in the password
20241021 10:49:04 INFO  [main] base.BaseTest BaseTest.java102 - login buttonbutton is clicked
20241021 10:49:07 INFO  [main] base.BaseTest BaseTest.java102 -  buttonbutton is clicked
20241021 10:49:12 INFO  [main] utility.FirebaseListenerUtility FirebaseListenerUtility.java37 - SalesForce_loginended with success.........
20241021 10:49:15 INFO  [main] utility.FirebaseListenerUtility FirebaseListenerUtility.java25 - Default testended.........
20241021 10:49:33 INFO  [main] base.BaseTest BaseTest.java61 - https://login.salesforce.com/is entered
20241021 10:49:33 INFO  [main] base.BaseTest BaseTest.java78 - data is entered in the username
20241021 10:57:45 INFO  [main] utility.FirebaseListenerUtility FirebaseListenerUtility.java18 - Default teststarted.........
20241021 10:57:45 INFO  [main] base.BaseFirebase BaseFirebase.java25 - **********setUpBeforeMethod**********
20241021 10:57:47 INFO  [main] base.BaseTest BaseTest.java61 - https://login.salesforce.com/is entered
20241021 10:57:47 INFO  [main] utility.FirebaseListenerUtility FirebaseListenerUtility.java31 - SalesForce_loginstarted...........
20241021 10:57:48 INFO  [main] base.BaseTest BaseTest.java78 - data is entered in the username
20241021 10:57:48 INFO  [main] base.BaseTest BaseTest.java78 - data is entered in the password
20241021 10:57:49 INFO  [main] base.BaseTest BaseTest.java102 - login buttonbutton is clicked
20241021 10:57:52 INFO  [main] base.BaseTest BaseTest.java102 -  buttonbutton is clicked
20241021 10:57:58 INFO  [main] utility.FirebaseListenerUtility FirebaseListenerUtility.java37 - SalesForce_loginended with success.........
20241021 10:58:01 INFO  [main] utility.FirebaseListenerUtility FirebaseListenerUtility.java31 - SalesForce_loginErrorMessagestarted...........
20241021 10:58:01 WARN  [main] utility.FirebaseListenerUtility FirebaseListenerUtility.java50 - SalesForce_loginErrorMessageskipped.........
20241021 10:58:01 INFO  [main] utility.FirebaseListenerUtility FirebaseListenerUtility.java25 - Default testended.........
20241021 10:58:22 INFO  [main] base.BaseTest BaseTest.java61 - https://login.salesforce.com/is entered
20241021 10:58:22 INFO  [main] base.BaseTest BaseTest.java78 - data is entered in the username
20241021 11:37:14 ERROR [main] examples.LogTests LogTests.java50 - test completed with failure
20241021 11:37:14 DEBUG [main] examples.LogTests LogTests.java61 - test started
20241021 11:37:14 DEBUG [main] examples.LogTests LogTests.java70 - driver started
20241021 11:50:50 INFO  [main] base.BaseTest BaseTest.java61 - https://login.salesforce.com/is entered
20241021 11:50:50 INFO  [main] base.BaseTest BaseTest.java78 - data is entered in the username
20241021 12:12:15 INFO  [main] base.BaseTest BaseTest.java61 - https://login.salesforce.com/is entered
20241021 12:12:15 INFO  [main] base.BaseTest BaseTest.java78 - data is entered in the username
20241021 12:40:59 INFO  [main] utility.FirebaseListenerUtility FirebaseListenerUtility.java18 - FirebaseLoginTeststarted.........
20241021 12:40:59 INFO  [main] base.BaseFirebase BaseFirebase.java25 - **********setUpBeforeMethod**********
20241021 12:41:01 INFO  [main] base.BaseTest BaseTest.java61 - https://login.salesforce.com/is entered
20241021 12:41:02 INFO  [main] utility.FirebaseListenerUtility FirebaseListenerUtility.java31 - SalesForce_loginstarted...........
20241021 12:41:02 INFO  [main] base.BaseTest BaseTest.java78 - data is entered in the username
20241021 12:41:02 INFO  [main] base.BaseTest BaseTest.java78 - data is entered in the password
20241021 12:41:04 INFO  [main] base.BaseTest BaseTest.java102 - login buttonbutton is clicked
20241021 12:41:07 INFO  [main] base.BaseTest BaseTest.java102 -  buttonbutton is clicked
20241021 12:41:12 INFO  [main] utility.FirebaseListenerUtility FirebaseListenerUtility.java37 - SalesForce_loginended with success.........
20241021 12:41:15 INFO  [main] utility.FirebaseListenerUtility FirebaseListenerUtility.java31 - SalesForce_loginErrorMessagestarted...........
20241021 12:41:15 WARN  [main] utility.FirebaseListenerUtility FirebaseListenerUtility.java50 - SalesForce_loginErrorMessageskipped.........
20241021 12:41:15 INFO  [main] utility.FirebaseListenerUtility FirebaseListenerUtility.java25 - FirebaseLoginTestended.........
20241021 12:53:04 ERROR [main] examples.LogTests LogTests.java49 - test completed with failure
20241021 12:53:04 DEBUG [main] examples.LogTests LogTests.java58 - test started
20241021 12:53:04 DEBUG [main] examples.LogTests LogTests.java64 - driver started
20241021 13:01:05 INFO  [main] base.BaseTest BaseTest.java61 - https://login.salesforce.com/is entered
20241021 13:01:06 INFO  [main] base.BaseTest BaseTest.java78 - data is entered in the username
20241021 13:02:08 ERROR [main] examples.LogTests LogTests.java51 - test completed with failure
20241021 13:09:09 INFO  [main] base.BaseTest BaseTest.java61 - https://login.salesforce.com/is entered
20241021 13:09:10 INFO  [main] base.BaseTest BaseTest.java78 - data is entered in the username
20241021 13:40:42 INFO  [main] base.BaseTest BaseTest.java61 - https://login.salesforce.com/is entered
20241021 13:40:43 INFO  [main] base.BaseTest BaseTest.java78 - data is entered in the username
20241021 13:42:55 INFO  [main] base.BaseTest BaseTest.java61 - https://login.salesforce.com/is entered
20241021 13:42:55 INFO  [main] base.BaseTest BaseTest.java78 - data is entered in the username
20241021 13:48:29 INFO  [main] base.BaseTest BaseTest.java61 - https://login.salesforce.com/is entered
20241021 13:48:30 INFO  [main] base.BaseTest BaseTest.java78 - data is entered in the username
20241021 13:48:40 INFO  [main] utility.FirebaseListenerUtility FirebaseListenerUtility.java18 - Default teststarted.........
20241021 13:48:40 INFO  [main] base.BaseFirebase BaseFirebase.java25 - **********setUpBeforeMethod**********
20241021 13:48:42 INFO  [main] base.BaseTest BaseTest.java61 - https://login.salesforce.com/is entered
20241021 13:48:42 INFO  [main] utility.FirebaseListenerUtility FirebaseListenerUtility.java31 - SalesForce_loginErrorMessagestarted...........
20241021 13:48:45 INFO  [main] base.BaseTest BaseTest.java78 - data is entered in the username
20241021 13:48:45 INFO  [main] tests.LoginSalesForceTests LoginSalesForceTests.java35 - Please enter your password
20241021 13:48:45 INFO  [main] base.BaseTest BaseTest.java102 - login buttonbutton is clicked
20241021 13:48:47 INFO  [main] utility.FirebaseListenerUtility FirebaseListenerUtility.java37 - SalesForce_loginErrorMessageended with success.........
20241021 13:48:50 INFO  [main] utility.FirebaseListenerUtility FirebaseListenerUtility.java25 - Default testended.........
20241021 14:39:31 INFO  [main] utility.FirebaseListenerUtility FirebaseListenerUtility.java18 - Default teststarted.........
20241021 14:39:32 INFO  [main] base.BaseFirebase BaseFirebase.java25 - **********setUpBeforeMethod**********
20241021 14:39:34 INFO  [main] base.BaseTest BaseTest.java61 - https://login.salesforce.com/is entered
20241021 14:39:34 INFO  [main] utility.FirebaseListenerUtility FirebaseListenerUtility.java31 - SalesForce_loginErrorMessagestarted...........
20241021 14:39:36 INFO  [main] base.BaseTest BaseTest.java78 - data is entered in the username
20241021 14:39:36 INFO  [main] tests.LoginSalesForceTests LoginSalesForceTests.java35 - Please enter your password
20241021 14:39:37 INFO  [main] base.BaseTest BaseTest.java102 - login buttonbutton is clicked
20241021 14:39:39 INFO  [main] utility.FirebaseListenerUtility FirebaseListenerUtility.java37 - SalesForce_loginErrorMessageended with success.........
20241021 14:39:42 INFO  [main] base.BaseFirebase BaseFirebase.java35 - **********tearDownAfterTestMethod**********
20241021 14:39:42 INFO  [main] utility.FirebaseListenerUtility FirebaseListenerUtility.java25 - Default testended.........
20241021 14:40:19 INFO  [main] base.BaseTest BaseTest.java61 - https://login.salesforce.com/is entered
20241021 14:40:19 INFO  [main] base.BaseTest BaseTest.java78 - data is entered in the username
20241021 14:43:58 INFO  [main] utility.FirebaseListenerUtility FirebaseListenerUtility.java18 - Default teststarted.........
20241021 14:43:59 INFO  [main] base.BaseFirebase BaseFirebase.java25 - **********setUpBeforeMethod**********
20241021 14:44:01 INFO  [main] base.BaseTest BaseTest.java61 - https://login.salesforce.com/is entered
20241021 14:44:01 INFO  [main] utility.FirebaseListenerUtility FirebaseListenerUtility.java31 - SalesForce_loginstarted...........
20241021 14:44:01 INFO  [main] base.BaseTest BaseTest.java78 - data is entered in the username
20241021 14:44:02 INFO  [main] base.BaseTest BaseTest.java78 - data is entered in the password
20241021 14:44:03 INFO  [main] base.BaseTest BaseTest.java102 - login buttonbutton is clicked
20241021 14:44:06 INFO  [main] base.BaseTest BaseTest.java102 -  buttonbutton is clicked
20241021 14:44:11 INFO  [main] utility.FirebaseListenerUtility FirebaseListenerUtility.java37 - SalesForce_loginended with success.........
20241021 14:44:15 INFO  [main] utility.FirebaseListenerUtility FirebaseListenerUtility.java31 - SalesForce_loginErrorMessagestarted...........
20241021 14:44:15 WARN  [main] utility.FirebaseListenerUtility FirebaseListenerUtility.java50 - SalesForce_loginErrorMessageskipped.........
20241021 14:44:15 INFO  [main] utility.FirebaseListenerUtility FirebaseListenerUtility.java25 - Default testended.........
20241021 14:46:04 INFO  [main] base.BaseTest BaseTest.java61 - https://login.salesforce.com/is entered
20241021 14:46:04 INFO  [main] base.BaseTest BaseTest.java78 - data is entered in the username
20241021 14:48:03 INFO  [main] base.BaseTest BaseTest.java61 - https://login.salesforce.com/is entered
20241021 14:48:03 INFO  [main] base.BaseTest BaseTest.java78 - data is entered in the username
20241021 14:49:08 INFO  [main] base.BaseTest BaseTest.java61 - https://login.salesforce.com/is entered
20241021 14:49:09 INFO  [main] base.BaseTest BaseTest.java78 - data is entered in the username
20241021 14:52:19 INFO  [main] base.BaseTest BaseTest.java61 - https://login.salesforce.com/is entered
20241021 14:52:20 INFO  [main] base.BaseTest BaseTest.java78 - data is entered in the username
20241021 15:01:03 INFO  [main] base.BaseTest BaseTest.java61 - https://login.salesforce.com/is entered
20241021 15:01:04 INFO  [main] base.BaseTest BaseTest.java78 - data is entered in the username
20241021 15:07:23 INFO  [main] base.BaseTest BaseTest.java61 - https://login.salesforce.com/is entered
20241021 15:07:23 INFO  [main] base.BaseTest BaseTest.java78 - data is entered in the username
20241021 15:07:24 INFO  [main] base.BaseTest BaseTest.java78 - data is entered in the password
20241021 15:07:25 INFO  [main] base.BaseTest BaseTest.java102 - login buttonbutton is clicked
20241021 15:07:42 INFO  [main] base.BaseFirebase BaseFirebase.java25 - **********setUpBeforeMethod**********
20241021 15:07:44 INFO  [main] base.BaseTest BaseTest.java61 - https://login.salesforce.com/is entered
20241021 15:07:44 INFO  [main] base.BaseTest BaseTest.java78 - data is entered in the username
20241021 15:07:45 INFO  [main] base.BaseTest BaseTest.java78 - data is entered in the password
20241021 15:07:46 INFO  [main] base.BaseTest BaseTest.java102 - login buttonbutton is clicked
20241021 15:07:49 INFO  [main] base.BaseTest BaseTest.java102 -  buttonbutton is clicked
20241021 15:08:18 INFO  [main] base.BaseTest BaseTest.java61 - https://login.salesforce.com/is entered
20241021 15:08:18 INFO  [main] base.BaseTest BaseTest.java78 - data is entered in the username
20241021 15:08:19 INFO  [main] base.BaseTest BaseTest.java102 - login buttonbutton is clicked
20241021 15:08:25 INFO  [main] base.BaseTest BaseTest.java61 - https://login.salesforce.com/is entered
20241021 15:08:26 INFO  [main] base.BaseTest BaseTest.java78 - data is entered in the username
20241021 15:08:26 INFO  [main] base.BaseTest BaseTest.java78 - data is entered in the password
20241021 15:08:27 INFO  [main] base.BaseTest BaseTest.java102 - login buttonbutton is clicked
20241021 15:08:36 INFO  [main] base.BaseTest BaseTest.java61 - https://login.salesforce.com/is entered
20241021 15:08:36 INFO  [main] base.BaseTest BaseTest.java78 - data is entered in the username
20241021 15:08:37 INFO  [main] base.BaseTest BaseTest.java78 - data is entered in the password
20241021 15:08:37 INFO  [main] base.BaseTest BaseTest.java102 - rememberme checkboxbutton is clicked
20241021 15:08:42 INFO  [main] base.BaseTest BaseTest.java102 - login buttonbutton is clicked
20241021 15:10:58 INFO  [main] base.BaseTest BaseTest.java61 - https://login.salesforce.com/is entered
20241021 15:10:59 INFO  [main] base.BaseTest BaseTest.java102 - forgotpassword linkbutton is clicked
20241021 15:10:59 INFO  [main] base.BaseTest BaseTest.java78 - data is entered in the username
20241021 15:10:59 INFO  [main] base.BaseTest BaseTest.java102 - continue buttonbutton is clicked
20241021 15:55:47 INFO  [main] base.BaseTest BaseTest.java61 - https://login.salesforce.com/is entered
20241021 15:55:48 INFO  [main] base.BaseTest BaseTest.java102 - forgotpassword linkbutton is clicked
20241021 15:55:48 INFO  [main] base.BaseTest BaseTest.java78 - data is entered in the username
20241021 15:55:48 INFO  [main] base.BaseTest BaseTest.java102 - continue buttonbutton is clicked
20241021 15:56:17 INFO  [main] base.BaseTest BaseTest.java61 - https://login.salesforce.com/is entered
20241021 15:56:17 INFO  [main] base.BaseTest BaseTest.java102 - forgotpassword linkbutton is clicked
20241021 15:56:17 INFO  [main] base.BaseTest BaseTest.java78 - data is entered in the username
20241021 15:56:17 INFO  [main] base.BaseTest BaseTest.java102 - continue buttonbutton is clicked
20241021 16:00:19 INFO  [main] base.BaseTest BaseTest.java61 - https://login.salesforce.com/is entered
20241021 16:00:19 INFO  [main] base.BaseTest BaseTest.java102 - forgotpassword linkbutton is clicked
20241021 16:00:19 INFO  [main] base.BaseTest BaseTest.java78 - data is entered in the username
20241021 16:00:19 INFO  [main] base.BaseTest BaseTest.java102 - continue buttonbutton is clicked
20241021 16:01:46 INFO  [main] base.BaseTest BaseTest.java61 - https://login.salesforce.com/is entered
20241021 16:01:47 INFO  [main] base.BaseTest BaseTest.java78 - data is entered in the username
20241021 16:01:47 INFO  [main] base.BaseTest BaseTest.java78 - data is entered in the password
20241021 16:01:47 INFO  [main] base.BaseTest BaseTest.java102 - login buttonbutton is clicked
20241021 16:11:00 INFO  [main] base.BaseTest BaseTest.java61 - https://login.salesforce.com/is entered
20241021 16:11:01 INFO  [main] base.BaseTest BaseTest.java78 - data is entered in the username
20241021 16:11:01 INFO  [main] base.BaseTest BaseTest.java78 - data is entered in the password
20241021 16:11:01 INFO  [main] base.BaseTest BaseTest.java102 - rememberme checkboxbutton is clicked
20241021 16:11:07 INFO  [main] base.BaseTest BaseTest.java102 - login buttonbutton is clicked
20241021 16:13:53 INFO  [main] base.BaseTest BaseTest.java61 - https://login.salesforce.com/is entered
20241021 16:13:54 INFO  [main] base.BaseTest BaseTest.java78 - data is entered in the username
20241021 16:13:55 INFO  [main] base.BaseTest BaseTest.java78 - data is entered in the password
20241021 16:13:55 INFO  [main] base.BaseTest BaseTest.java102 - rememberme checkboxbutton is clicked
20241021 16:14:01 INFO  [main] base.BaseTest BaseTest.java102 - login buttonbutton is clicked
20241021 16:17:29 INFO  [main] base.BaseTest BaseTest.java61 - https://login.salesforce.com/is entered
20241021 16:17:30 INFO  [main] base.BaseTest BaseTest.java78 - data is entered in the username
20241021 16:17:30 INFO  [main] base.BaseTest BaseTest.java78 - data is entered in the password
20241021 16:17:31 INFO  [main] base.BaseTest BaseTest.java102 - rememberme checkboxbutton is clicked
20241021 16:17:36 INFO  [main] base.BaseTest BaseTest.java102 - login buttonbutton is clicked
20241021 16:17:44 INFO  [main] base.BaseTest BaseTest.java102 - remindmelater btnbutton is clicked
20241021 16:17:49 INFO  [main] base.BaseTest BaseTest.java102 - usermenu dropdownbutton is clicked
20241021 16:18:40 INFO  [main] base.BaseFirebase BaseFirebase.java25 - **********setUpBeforeMethod**********
20241021 16:18:42 INFO  [main] base.BaseTest BaseTest.java61 - https://login.salesforce.com/is entered
20241021 16:18:43 INFO  [main] base.BaseTest BaseTest.java61 - https://login.salesforce.com/is entered
20241021 16:18:44 INFO  [main] base.BaseTest BaseTest.java78 - data is entered in the username
20241021 16:18:44 INFO  [main] base.BaseTest BaseTest.java78 - data is entered in the password
20241021 16:18:45 INFO  [main] base.BaseTest BaseTest.java102 - rememberme checkboxbutton is clicked
20241021 16:18:50 INFO  [main] base.BaseTest BaseTest.java102 - login buttonbutton is clicked
20241021 16:18:59 INFO  [main] base.BaseFirebase BaseFirebase.java35 - **********tearDownAfterTestMethod**********
20241021 16:19:47 INFO  [main] base.BaseFirebase BaseFirebase.java25 - **********setUpBeforeMethod**********
20241021 16:19:49 INFO  [main] base.BaseTest BaseTest.java61 - https://login.salesforce.com/is entered
20241021 16:19:50 INFO  [main] base.BaseTest BaseTest.java61 - https://login.salesforce.com/is entered
20241021 16:19:51 INFO  [main] base.BaseTest BaseTest.java78 - data is entered in the username
20241021 16:19:51 INFO  [main] base.BaseTest BaseTest.java78 - data is entered in the password
20241021 16:19:52 INFO  [main] base.BaseTest BaseTest.java102 - rememberme checkboxbutton is clicked
20241021 16:19:57 INFO  [main] base.BaseTest BaseTest.java102 - login buttonbutton is clicked
20241021 16:20:33 INFO  [main] base.BaseFirebase BaseFirebase.java25 - **********setUpBeforeMethod**********
20241021 16:20:34 INFO  [main] base.BaseTest BaseTest.java61 - https://login.salesforce.com/is entered
20241021 16:20:36 INFO  [main] base.BaseTest BaseTest.java61 - https://login.salesforce.com/is entered
20241021 16:20:36 INFO  [main] base.BaseTest BaseTest.java78 - data is entered in the username
20241021 16:20:37 INFO  [main] base.BaseTest BaseTest.java78 - data is entered in the password
20241021 16:20:37 INFO  [main] base.BaseTest BaseTest.java102 - rememberme checkboxbutton is clicked
20241021 16:20:42 INFO  [main] base.BaseTest BaseTest.java102 - login buttonbutton is clicked
20241021 16:20:48 INFO  [main] base.BaseTest BaseTest.java102 - usermenu dropdownbutton is clicked
20241021 16:23:17 INFO  [main] base.BaseTest BaseTest.java61 - https://login.salesforce.com/is entered
20241021 16:23:18 INFO  [main] base.BaseTest BaseTest.java78 - data is entered in the username
20241021 16:23:19 INFO  [main] base.BaseTest BaseTest.java78 - data is entered in the password
20241021 16:23:19 INFO  [main] base.BaseTest BaseTest.java102 - rememberme checkboxbutton is clicked
20241021 16:23:24 INFO  [main] base.BaseTest BaseTest.java102 - login buttonbutton is clicked
20241021 16:23:30 INFO  [main] base.BaseTest BaseTest.java102 - usermenu dropdownbutton is clicked
20241021 16:23:34 INFO  [main] base.BaseTest BaseTest.java61 - https://login.salesforce.com/is entered
20241021 16:23:34 INFO  [main] base.BaseTest BaseTest.java78 - data is entered in the username
20241021 16:23:35 INFO  [main] base.BaseTest BaseTest.java78 - data is entered in the password
20241021 16:23:35 INFO  [main] base.BaseTest BaseTest.java102 - rememberme checkboxbutton is clicked
20241021 16:23:41 INFO  [main] base.BaseTest BaseTest.java102 - login buttonbutton is clicked
20241021 16:23:46 INFO  [main] base.BaseTest BaseTest.java102 - usermenu dropdownbutton is clicked
20241021 16:23:48 INFO  [main] base.BaseTest BaseTest.java102 - myprofile optionbutton is clicked
20241021 16:23:53 INFO  [main] base.BaseTest BaseTest.java102 - edit buttonbutton is clicked
20241021 16:27:56 INFO  [main] base.BaseTest BaseTest.java61 - https://login.salesforce.com/is entered
20241021 16:27:56 INFO  [main] base.BaseTest BaseTest.java78 - data is entered in the username
20241021 16:27:56 INFO  [main] base.BaseTest BaseTest.java78 - data is entered in the password
20241021 16:27:57 INFO  [main] base.BaseTest BaseTest.java102 - rememberme checkboxbutton is clicked
20241021 16:28:02 INFO  [main] base.BaseTest BaseTest.java102 - login buttonbutton is clicked
20241021 16:28:07 INFO  [main] base.BaseTest BaseTest.java102 - usermenu dropdownbutton is clicked
20241021 16:28:12 INFO  [main] base.BaseTest BaseTest.java61 - https://login.salesforce.com/is entered
20241021 16:28:12 INFO  [main] base.BaseTest BaseTest.java78 - data is entered in the username
20241021 16:28:12 INFO  [main] base.BaseTest BaseTest.java78 - data is entered in the password
20241021 16:28:13 INFO  [main] base.BaseTest BaseTest.java102 - rememberme checkboxbutton is clicked
20241021 16:28:20 INFO  [main] base.BaseTest BaseTest.java102 - login buttonbutton is clicked
20241021 16:28:25 INFO  [main] base.BaseTest BaseTest.java102 - usermenu dropdownbutton is clicked
20241021 16:28:26 INFO  [main] base.BaseTest BaseTest.java102 - myprofile optionbutton is clicked
20241021 16:28:31 INFO  [main] base.BaseTest BaseTest.java102 - edit buttonbutton is clicked
20241021 16:29:40 INFO  [main] base.BaseTest BaseTest.java61 - https://login.salesforce.com/is entered
20241021 16:29:40 INFO  [main] base.BaseTest BaseTest.java78 - data is entered in the username
20241021 16:29:41 INFO  [main] base.BaseTest BaseTest.java78 - data is entered in the password
20241021 16:29:41 INFO  [main] base.BaseTest BaseTest.java102 - rememberme checkboxbutton is clicked
20241021 16:29:47 INFO  [main] base.BaseTest BaseTest.java102 - login buttonbutton is clicked
20241021 16:29:52 INFO  [main] base.BaseTest BaseTest.java102 - usermenu dropdownbutton is clicked
20241021 16:29:56 INFO  [main] base.BaseTest BaseTest.java61 - https://login.salesforce.com/is entered
20241021 16:29:56 INFO  [main] base.BaseTest BaseTest.java78 - data is entered in the username
20241021 16:29:56 INFO  [main] base.BaseTest BaseTest.java78 - data is entered in the password
20241021 16:29:57 INFO  [main] base.BaseTest BaseTest.java102 - rememberme checkboxbutton is clicked
20241021 16:30:02 INFO  [main] base.BaseTest BaseTest.java102 - login buttonbutton is clicked
20241021 16:30:07 INFO  [main] base.BaseTest BaseTest.java102 - usermenu dropdownbutton is clicked
20241021 16:30:09 INFO  [main] base.BaseTest BaseTest.java102 - myprofile optionbutton is clicked
20241021 16:30:14 INFO  [main] base.BaseTest BaseTest.java102 - edit buttonbutton is clicked
20241021 16:30:45 INFO  [main] base.BaseFirebase BaseFirebase.java25 - **********setUpBeforeMethod**********
20241021 16:30:47 INFO  [main] base.BaseTest BaseTest.java61 - https://login.salesforce.com/is entered
20241021 16:30:48 INFO  [main] base.BaseTest BaseTest.java61 - https://login.salesforce.com/is entered
20241021 16:30:49 INFO  [main] base.BaseTest BaseTest.java78 - data is entered in the username
20241021 16:30:49 INFO  [main] base.BaseTest BaseTest.java78 - data is entered in the password
20241021 16:30:49 INFO  [main] base.BaseTest BaseTest.java102 - rememberme checkboxbutton is clicked
20241021 16:30:55 INFO  [main] base.BaseTest BaseTest.java102 - login buttonbutton is clicked
20241021 16:31:00 INFO  [main] base.BaseTest BaseTest.java102 - usermenu dropdownbutton is clicked
20241021 16:31:02 INFO  [main] base.BaseTest BaseTest.java102 - myprofile optionbutton is clicked
20241021 16:31:07 INFO  [main] base.BaseTest BaseTest.java102 - edit buttonbutton is clicked
20241021 16:36:31 INFO  [main] base.BaseTest BaseTest.java61 - https://login.salesforce.com/is entered
20241021 16:36:32 INFO  [main] base.BaseTest BaseTest.java78 - data is entered in the username
20241021 16:36:32 INFO  [main] base.BaseTest BaseTest.java78 - data is entered in the password
20241021 16:36:32 INFO  [main] base.BaseTest BaseTest.java102 - rememberme checkboxbutton is clicked
20241021 16:36:38 INFO  [main] base.BaseTest BaseTest.java102 - login buttonbutton is clicked
20241021 16:36:43 INFO  [main] base.BaseTest BaseTest.java102 - usermenu dropdownbutton is clicked
20241021 16:36:48 INFO  [main] base.BaseTest BaseTest.java61 - https://login.salesforce.com/is entered
20241021 16:36:48 INFO  [main] base.BaseTest BaseTest.java78 - data is entered in the username
20241021 16:36:48 INFO  [main] base.BaseTest BaseTest.java78 - data is entered in the password
20241021 16:36:49 INFO  [main] base.BaseTest BaseTest.java102 - rememberme checkboxbutton is clicked
20241021 16:36:54 INFO  [main] base.BaseTest BaseTest.java102 - login buttonbutton is clicked
20241021 16:36:59 INFO  [main] base.BaseTest BaseTest.java102 - usermenu dropdownbutton is clicked
20241021 16:37:01 INFO  [main] base.BaseTest BaseTest.java102 - myprofile optionbutton is clicked
20241021 16:37:06 INFO  [main] base.BaseTest BaseTest.java102 - edit buttonbutton is clicked
20241021 16:37:15 INFO  [main] base.BaseTest BaseTest.java61 - https://login.salesforce.com/is entered
20241021 16:37:15 INFO  [main] base.BaseTest BaseTest.java78 - data is entered in the username
20241021 16:37:16 INFO  [main] base.BaseTest BaseTest.java78 - data is entered in the password
20241021 16:37:16 INFO  [main] base.BaseTest BaseTest.java102 - rememberme checkboxbutton is clicked
20241021 16:37:22 INFO  [main] base.BaseTest BaseTest.java102 - login buttonbutton is clicked
20241021 16:37:27 INFO  [main] base.BaseTest BaseTest.java102 - usermenu dropdownbutton is clicked
20241021 16:37:27 INFO  [main] base.BaseTest BaseTest.java102 - mysetting optionbutton is clicked
20241021 16:37:32 INFO  [main] base.BaseTest BaseTest.java102 - personal linkbutton is clicked
20241021 16:37:38 INFO  [main] base.BaseTest BaseTest.java102 - loginhistory linkbutton is clicked
20241021 16:37:43 INFO  [main] base.BaseTest BaseTest.java102 - display linkbutton is clicked
20241021 16:37:48 INFO  [main] base.BaseTest BaseTest.java102 - customize tabbutton is clicked
20241021 16:37:59 INFO  [main] base.BaseTest BaseTest.java102 - add buttonbutton is clicked
20241021 16:38:04 INFO  [main] base.BaseTest BaseTest.java102 - email linkbutton is clicked
20241021 16:38:10 INFO  [main] base.BaseTest BaseTest.java102 - emailsettings linkbutton is clicked
20241021 16:38:15 INFO  [main] base.BaseTest BaseTest.java78 - data is entered in the emailname
20241021 16:38:15 INFO  [main] base.BaseTest BaseTest.java78 - data is entered in the emailid
20241021 16:38:15 INFO  [main] base.BaseTest BaseTest.java102 - radio btnbutton is clicked
20241021 16:38:16 INFO  [main] base.BaseTest BaseTest.java102 - save btnbutton is clicked
20241021 16:38:16 INFO  [main] base.BaseTest BaseTest.java102 - email linkbutton is clicked
20241021 16:38:21 INFO  [main] base.BaseTest BaseTest.java102 - email linkbutton is clicked
20241021 16:38:26 INFO  [main] base.BaseTest BaseTest.java102 - email linkbutton is clicked
20241021 16:49:52 INFO  [main] base.BaseFirebase BaseFirebase.java25 - **********setUpBeforeMethod**********
20241021 16:49:54 INFO  [main] base.BaseTest BaseTest.java61 - https://login.salesforce.com/is entered
20241021 16:49:56 INFO  [main] base.BaseTest BaseTest.java61 - https://login.salesforce.com/is entered
20241021 16:49:56 INFO  [main] base.BaseTest BaseTest.java78 - data is entered in the username
20241021 16:49:57 INFO  [main] base.BaseTest BaseTest.java78 - data is entered in the password
20241021 16:49:57 INFO  [main] base.BaseTest BaseTest.java102 - rememberme checkboxbutton is clicked
20241021 16:50:03 INFO  [main] base.BaseTest BaseTest.java102 - login buttonbutton is clicked
20241021 16:50:08 INFO  [main] base.BaseTest BaseTest.java102 - usermenu dropdownbutton is clicked
20241021 16:50:08 INFO  [main] base.BaseTest BaseTest.java102 - developer consolebutton is clicked
20241021 16:50:31 INFO  [main] base.BaseTest BaseTest.java61 - https://login.salesforce.com/is entered
20241021 16:50:32 INFO  [main] base.BaseTest BaseTest.java78 - data is entered in the username
20241021 16:50:32 INFO  [main] base.BaseTest BaseTest.java78 - data is entered in the password
20241021 16:50:33 INFO  [main] base.BaseTest BaseTest.java102 - rememberme checkboxbutton is clicked
20241021 16:50:38 INFO  [main] base.BaseTest BaseTest.java102 - login buttonbutton is clicked
20241021 16:50:43 INFO  [main] base.BaseTest BaseTest.java102 - usermenu dropdownbutton is clicked
20241021 16:50:43 INFO  [main] base.BaseTest BaseTest.java102 - developer consolebutton is clicked
20241021 16:52:04 INFO  [main] base.BaseTest BaseTest.java61 - https://login.salesforce.com/is entered
20241021 16:52:04 INFO  [main] base.BaseTest BaseTest.java78 - data is entered in the username
20241021 16:52:05 INFO  [main] base.BaseTest BaseTest.java78 - data is entered in the password
20241021 16:52:05 INFO  [main] base.BaseTest BaseTest.java102 - rememberme checkboxbutton is clicked
20241021 16:52:11 INFO  [main] base.BaseTest BaseTest.java102 - login buttonbutton is clicked
20241021 16:52:16 INFO  [main] base.BaseTest BaseTest.java102 - usermenu dropdownbutton is clicked
20241021 16:52:18 INFO  [main] base.BaseTest BaseTest.java102 - logout optionbutton is clicked
20241021 16:52:39 INFO  [main] base.BaseFirebase BaseFirebase.java25 - **********setUpBeforeMethod**********
20241021 16:52:41 INFO  [main] base.BaseTest BaseTest.java61 - https://login.salesforce.com/is entered
20241021 16:52:42 INFO  [main] base.BaseTest BaseTest.java61 - https://login.salesforce.com/is entered
20241021 16:52:43 INFO  [main] base.BaseTest BaseTest.java78 - data is entered in the username
20241021 16:52:43 INFO  [main] base.BaseTest BaseTest.java78 - data is entered in the password
20241021 16:52:43 INFO  [main] base.BaseTest BaseTest.java102 - rememberme checkboxbutton is clicked
20241021 16:52:49 INFO  [main] base.BaseTest BaseTest.java102 - login buttonbutton is clicked
20241021 16:52:54 INFO  [main] base.BaseTest BaseTest.java102 - usermenu dropdownbutton is clicked
20241021 16:52:56 INFO  [main] base.BaseTest BaseTest.java102 - logout optionbutton is clicked
20241021 16:55:02 INFO  [main] utility.FirebaseListenerUtility FirebaseListenerUtility.java18 - FirebaseLoginTeststarted.........
20241021 16:55:02 INFO  [main] base.BaseFirebase BaseFirebase.java25 - **********setUpBeforeMethod**********
20241021 16:55:04 INFO  [main] base.BaseTest BaseTest.java61 - https://login.salesforce.com/is entered
20241021 16:55:04 INFO  [main] utility.FirebaseListenerUtility FirebaseListenerUtility.java31 - SalesForce_loginstarted...........
20241021 16:55:04 INFO  [main] base.BaseTest BaseTest.java78 - data is entered in the username
20241021 16:55:05 INFO  [main] base.BaseTest BaseTest.java78 - data is entered in the password
20241021 16:55:06 INFO  [main] base.BaseTest BaseTest.java102 - login buttonbutton is clicked
20241021 16:55:08 ERROR [main] utility.FirebaseListenerUtility FirebaseListenerUtility.java43 - SalesForce_loginended with failure.........
20241021 16:55:11 INFO  [main] base.BaseFirebase BaseFirebase.java35 - **********tearDownAfterTestMethod**********
20241021 16:55:11 INFO  [main] base.BaseFirebase BaseFirebase.java25 - **********setUpBeforeMethod**********
20241021 16:55:12 INFO  [main] base.BaseTest BaseTest.java61 - https://login.salesforce.com/is entered
20241021 16:55:12 INFO  [main] utility.FirebaseListenerUtility FirebaseListenerUtility.java31 - SalesForce_loginErrorMessagestarted...........
20241021 16:55:15 INFO  [main] base.BaseTest BaseTest.java78 - data is entered in the username
20241021 16:55:15 INFO  [main] tests.LoginSalesForceTests LoginSalesForceTests.java35 - Please enter your password
20241021 16:55:15 INFO  [main] base.BaseTest BaseTest.java102 - login buttonbutton is clicked
20241021 16:55:17 INFO  [main] utility.FirebaseListenerUtility FirebaseListenerUtility.java37 - SalesForce_loginErrorMessageended with success.........
20241021 16:55:20 INFO  [main] base.BaseFirebase BaseFirebase.java35 - **********tearDownAfterTestMethod**********
20241021 16:55:20 INFO  [main] utility.FirebaseListenerUtility FirebaseListenerUtility.java25 - FirebaseLoginTestended.........
20241021 16:56:47 INFO  [main] utility.FirebaseListenerUtility FirebaseListenerUtility.java18 - LoginSalesForceTestsstarted.........
20241021 16:56:47 INFO  [main] base.BaseFirebase BaseFirebase.java25 - **********setUpBeforeMethod**********
20241021 16:56:50 INFO  [main] base.BaseTest BaseTest.java61 - https://login.salesforce.com/is entered
20241021 16:56:50 INFO  [main] utility.FirebaseListenerUtility FirebaseListenerUtility.java31 - SalesForce_loginstarted...........
20241021 16:56:50 INFO  [main] base.BaseTest BaseTest.java78 - data is entered in the username
20241021 16:56:50 INFO  [main] base.BaseTest BaseTest.java78 - data is entered in the password
20241021 16:56:51 INFO  [main] base.BaseTest BaseTest.java102 - login buttonbutton is clicked
20241021 16:56:53 ERROR [main] utility.FirebaseListenerUtility FirebaseListenerUtility.java43 - SalesForce_loginended with failure.........
20241021 16:56:57 INFO  [main] base.BaseFirebase BaseFirebase.java35 - **********tearDownAfterTestMethod**********
20241021 16:56:57 INFO  [main] base.BaseFirebase BaseFirebase.java25 - **********setUpBeforeMethod**********
20241021 16:56:58 INFO  [main] base.BaseTest BaseTest.java61 - https://login.salesforce.com/is entered
20241021 16:56:58 INFO  [main] utility.FirebaseListenerUtility FirebaseListenerUtility.java31 - SalesForce_loginErrorMessagestarted...........
20241021 16:57:00 INFO  [main] base.BaseTest BaseTest.java78 - data is entered in the username
20241021 16:57:00 INFO  [main] tests.LoginSalesForceTests LoginSalesForceTests.java35 - Please enter your password
20241021 16:57:00 INFO  [main] base.BaseTest BaseTest.java102 - login buttonbutton is clicked
20241021 16:57:02 INFO  [main] utility.FirebaseListenerUtility FirebaseListenerUtility.java37 - SalesForce_loginErrorMessageended with success.........
20241021 16:57:05 INFO  [main] base.BaseFirebase BaseFirebase.java35 - **********tearDownAfterTestMethod**********
20241021 16:57:05 INFO  [main] utility.FirebaseListenerUtility FirebaseListenerUtility.java25 - LoginSalesForceTestsended.........
20241021 20:46:42 INFO  [main] base.BaseTest BaseTest.java61 - https://login.salesforce.com/is entered
20241021 20:46:42 INFO  [main] base.BaseTest BaseTest.java78 - data is entered in the username
20241021 20:46:43 INFO  [main] base.BaseTest BaseTest.java78 - data is entered in the password
20241021 20:46:44 INFO  [main] base.BaseTest BaseTest.java102 - login buttonbutton is clicked
20241021 21:42:42 INFO  [main] base.BaseFirebase BaseFirebase.java25 - **********setUpBeforeMethod**********
20241021 21:42:44 INFO  [main] base.BaseTest BaseTest.java61 - https://login.salesforce.com/is entered
20241021 21:42:44 INFO  [main] base.BaseTest BaseTest.java78 - data is entered in the username
20241021 21:42:45 INFO  [main] base.BaseTest BaseTest.java78 - data is entered in the password
20241021 21:42:46 INFO  [main] base.BaseTest BaseTest.java102 - login buttonbutton is clicked
20241021 21:42:54 INFO  [main] base.BaseFirebase BaseFirebase.java35 - **********tearDownAfterTestMethod**********
20241021 21:43:40 INFO  [main] base.BaseTest BaseTest.java61 - https://login.salesforce.com/is entered
20241021 21:43:40 INFO  [main] base.BaseTest BaseTest.java78 - data is entered in the username
20241021 21:43:40 INFO  [main] base.BaseTest BaseTest.java78 - data is entered in the password
20241021 21:43:41 INFO  [main] base.BaseTest BaseTest.java102 - login buttonbutton is clicked
20241021 21:44:28 INFO  [main] base.BaseTest BaseTest.java61 - https://login.salesforce.com/is entered
20241021 21:44:28 INFO  [main] base.BaseTest BaseTest.java78 - data is entered in the username
20241021 21:44:29 INFO  [main] base.BaseTest BaseTest.java78 - data is entered in the password
20241021 21:44:30 INFO  [main] base.BaseTest BaseTest.java102 - login buttonbutton is clicked
20241021 21:45:56 INFO  [main] base.BaseTest BaseTest.java61 - https://login.salesforce.com/is entered
20241021 21:45:57 INFO  [main] base.BaseTest BaseTest.java78 - data is entered in the username
20241021 21:45:57 INFO  [main] base.BaseTest BaseTest.java78 - data is entered in the password
20241021 21:45:58 INFO  [main] base.BaseTest BaseTest.java102 - login buttonbutton is clicked
20241021 21:46:04 INFO  [main] base.BaseTest BaseTest.java102 -  buttonbutton is clicked
20241021 21:46:07 INFO  [main] base.BaseTest BaseTest.java102 - home buttonbutton is clicked
20241021 21:46:13 INFO  [main] base.BaseTest BaseTest.java102 - namelink buttonbutton is clicked
20241021 21:46:23 INFO  [main] base.BaseTest BaseTest.java61 - https://login.salesforce.com/is entered
20241021 21:46:23 INFO  [main] base.BaseTest BaseTest.java78 - data is entered in the username
20241021 21:46:24 INFO  [main] base.BaseTest BaseTest.java78 - data is entered in the password
20241021 21:46:24 INFO  [main] base.BaseTest BaseTest.java102 - login buttonbutton is clicked
20241021 21:48:50 INFO  [main] base.BaseTest BaseTest.java61 - https://login.salesforce.com/is entered
20241021 21:48:50 INFO  [main] base.BaseTest BaseTest.java78 - data is entered in the username
20241021 21:48:50 INFO  [main] base.BaseTest BaseTest.java78 - data is entered in the password
20241021 21:48:51 INFO  [main] base.BaseTest BaseTest.java102 - rememberme checkboxbutton is clicked
20241021 21:48:57 INFO  [main] base.BaseTest BaseTest.java102 - login buttonbutton is clicked
20241021 21:51:58 INFO  [main] base.BaseTest BaseTest.java61 - https://login.salesforce.com/is entered
20241021 21:51:58 INFO  [main] base.BaseTest BaseTest.java78 - data is entered in the username
20241021 21:51:59 INFO  [main] base.BaseTest BaseTest.java78 - data is entered in the password
20241021 21:51:59 INFO  [main] base.BaseTest BaseTest.java102 - rememberme checkboxbutton is clicked
20241021 21:52:05 INFO  [main] base.BaseTest BaseTest.java102 - login buttonbutton is clicked
20241022 09:18:17 INFO  [main] base.BaseTest BaseTest.java61 - https://login.salesforce.com/is entered
20241022 09:18:17 INFO  [main] base.BaseTest BaseTest.java78 - data is entered in the username
20241022 09:18:18 INFO  [main] base.BaseTest BaseTest.java78 - data is entered in the password
20241022 09:18:19 INFO  [main] base.BaseTest BaseTest.java102 - login buttonbutton is clicked
20241022 09:18:47 INFO  [main] base.BaseTest BaseTest.java61 - https://login.salesforce.com/is entered
20241022 09:18:47 INFO  [main] base.BaseTest BaseTest.java78 - data is entered in the username
20241022 09:18:48 INFO  [main] base.BaseTest BaseTest.java78 - data is entered in the password
20241022 09:18:49 INFO  [main] base.BaseTest BaseTest.java102 - login buttonbutton is clicked
20241023 11:37:19 INFO  [main] base.BaseTest BaseTest.java61 - https://login.salesforce.com/is entered
20241023 11:37:20 INFO  [main] base.BaseTest BaseTest.java78 - data is entered in the username
20241023 11:37:20 INFO  [main] base.BaseTest BaseTest.java78 - data is entered in the password
20241023 11:37:21 INFO  [main] base.BaseTest BaseTest.java102 - login buttonbutton is clicked
20241023 11:38:44 INFO  [main] base.BaseTest BaseTest.java61 - https://login.salesforce.com/is entered
20241023 11:38:45 INFO  [main] base.BaseTest BaseTest.java78 - data is entered in the username
20241023 11:38:45 INFO  [main] base.BaseTest BaseTest.java78 - data is entered in the password
20241023 11:38:46 INFO  [main] base.BaseTest BaseTest.java102 - login buttonbutton is clicked
20241023 11:39:32 INFO  [main] base.BaseTest BaseTest.java61 - https://login.salesforce.com/is entered
20241023 11:39:32 INFO  [main] base.BaseTest BaseTest.java78 - data is entered in the username
20241023 11:39:33 INFO  [main] base.BaseTest BaseTest.java78 - data is entered in the password
20241023 11:39:33 INFO  [main] base.BaseTest BaseTest.java102 - login buttonbutton is clicked
20241023 11:39:40 INFO  [main] base.BaseTest BaseTest.java102 - home buttonbutton is clicked
20241023 11:39:46 INFO  [main] base.BaseTest BaseTest.java102 - namelink buttonbutton is clicked
20241023 11:40:34 INFO  [main] base.BaseTest BaseTest.java61 - https://login.salesforce.com/is entered
20241023 11:40:35 INFO  [main] base.BaseTest BaseTest.java78 - data is entered in the username
20241023 11:40:35 INFO  [main] base.BaseTest BaseTest.java78 - data is entered in the password
20241023 11:40:35 INFO  [main] base.BaseTest BaseTest.java102 - rememberme checkboxbutton is clicked
20241023 11:40:41 INFO  [main] base.BaseTest BaseTest.java102 - login buttonbutton is clicked
20241023 11:40:46 INFO  [main] base.BaseTest BaseTest.java102 - usermenu dropdownbutton is clicked
20241023 11:40:46 INFO  [main] base.BaseTest BaseTest.java102 - logout buttonbutton is clicked
20241025 16:32:31 INFO  [main] base.BaseTest BaseTest.java61 - https://login.salesforce.com/is entered
20241025 16:32:31 INFO  [main] base.BaseTest BaseTest.java102 - forgotpassword linkbutton is clicked
20241025 16:32:32 INFO  [main] base.BaseTest BaseTest.java78 - data is entered in the username
20241025 16:32:34 INFO  [main] base.BaseTest BaseTest.java102 - continue buttonbutton is clicked
